[{"line":2,"elements":[{"start_timestamp":"2024-12-18T22:57:57.649Z","before":[{"result":{"duration":14022391700,"status":"passed"},"match":{"location":"com.nttdata.core.DriverManager.setUp()"}},{"result":{"status":"passed"},"match":{"location":"com.nttdata.core.DriverManager.setScenario(io.cucumber.java.Scenario)"}}],"line":8,"name":"Inicio de sesión exitoso con credenciales válidas","description":"","id":"automatización-de-pruebas-para-la-tienda-en-línea;inicio-de-sesión-exitoso-con-credenciales-válidas","after":[{"result":{"duration":19885214000,"status":"passed"},"match":{"location":"com.nttdata.core.DriverManager.quitDriver()"}}],"type":"scenario","keyword":"Scenario","steps":[{"result":{"duration":5223382000,"status":"passed"},"line":9,"name":"que estoy en la página de inicio de sesión","match":{"location":"com.nttdata.stepsdefinitions.ProductStoreDef.queEstoyEnLaPáginaDeInicioDeSesión()"},"keyword":"Given "},{"result":{"error_message":"java.lang.RuntimeException: Error al intentar iniciar sesión: Error durante el proceso de login: Expected condition failed: waiting for at least one condition to be valid: url to contain \"/mi-cuenta\". Current url: \"https://qalab.bensg.com/store/es/\" || visibility of element located by By.cssSelector: .alert.alert-danger (tried for 20 second(s) with 500 milliseconds interval)\nBuild info: version: '4.5.0', revision: 'fe167b119a'\nSystem info: os.name: 'Windows 10', os.arch: 'amd64', os.version: '10.0', java.version: '17.0.13'\nDriver info: org.openqa.selenium.chrome.ChromeDriver\nCapabilities {acceptInsecureCerts: false, browserName: chrome, browserVersion: 131.0.6778.140, chrome: {chromedriverVersion: 131.0.6778.108 (3b014839fbc..., userDataDir: C:\\Users\\Miguel\\AppData\\Loc...}, fedcm:accounts: true, goog:chromeOptions: {debuggerAddress: localhost:61680}, networkConnectionEnabled: false, pageLoadStrategy: normal, platformName: WINDOWS, proxy: Proxy(), se:cdp: ws://localhost:61680/devtoo..., se:cdpVersion: 131.0.6778.140, setWindowRect: true, strictFileInteractability: false, timeouts: {implicit: 0, pageLoad: 300000, script: 30000}, unhandledPromptBehavior: dismiss and notify, webauthn:extension:credBlob: true, webauthn:extension:largeBlob: true, webauthn:extension:minPinLength: true, webauthn:extension:prf: true, webauthn:virtualAuthenticators: true}\nSession ID: e95d3790fe5a9400b896ad5e351b3055\r\n\tat com.nttdata.stepsdefinitions.ProductStoreDef.ingresoElUsuarioYLaContraseña(ProductStoreDef.java:29)\r\n\tat ✽.ingreso el usuario \"jesusmqp@gmail.com\" y la contraseña \"12345678910Ab.cd\"(file:///C:/Users/Miguel/Desktop/QALabAutomation/QAInnovationLab/src/test/resources/features/ProductStore.feature:10)\r\n","duration":36668792100,"status":"failed"},"line":10,"name":"ingreso el usuario \"jesusmqp@gmail.com\" y la contraseña \"12345678910Ab.cd\"","match":{"arguments":[{"val":"\"jesusmqp@gmail.com\"","offset":19},{"val":"\"12345678910Ab.cd\"","offset":56}],"location":"com.nttdata.stepsdefinitions.ProductStoreDef.ingresoElUsuarioYLaContraseña(java.lang.String,java.lang.String)"},"keyword":"When "},{"result":{"duration":1000900,"status":"skipped"},"line":11,"name":"debería ver la página principal de la tienda","match":{"location":"com.nttdata.stepsdefinitions.ProductStoreDef.deberíaVerLaPáginaPrincipalDeLaTienda()"},"keyword":"Then "}],"tags":[{"name":"@TestExam"}]},{"start_timestamp":"2024-12-18T22:59:13.720Z","before":[{"result":{"duration":14548438100,"status":"passed"},"match":{"location":"com.nttdata.core.DriverManager.setUp()"}},{"result":{"duration":1000500,"status":"passed"},"match":{"location":"com.nttdata.core.DriverManager.setScenario(io.cucumber.java.Scenario)"}}],"line":14,"name":"Inicio de sesión fallido con credenciales inválidas","description":"","id":"automatización-de-pruebas-para-la-tienda-en-línea;inicio-de-sesión-fallido-con-credenciales-inválidas","after":[{"result":{"duration":20471390700,"status":"passed"},"match":{"location":"com.nttdata.core.DriverManager.quitDriver()"}}],"type":"scenario","keyword":"Scenario","steps":[{"result":{"duration":8549555300,"status":"passed"},"line":15,"name":"que estoy en la página de inicio de sesiónDos","match":{"location":"com.nttdata.stepsdefinitions.ProductStoreDef.queEstoyEnLaPáginaDeInicioDeSesiónDos()"},"keyword":"Given "},{"result":{"duration":4850698300,"status":"passed"},"line":16,"name":"ingreso el usuario \"invalid_user@gmail.com\" y la contraseñaDos \"wrongpassword\"","match":{"arguments":[{"val":"\"invalid_user@gmail.com\"","offset":19},{"val":"\"wrongpassword\"","offset":63}],"location":"com.nttdata.stepsdefinitions.ProductStoreDef.ingresoElUsuarioYLaContraseñaDos(java.lang.String,java.lang.String)"},"keyword":"When "},{"result":{"duration":278896200,"status":"passed"},"line":17,"name":"debería ver un mensaje de error indicando fallo en la autenticación","match":{"location":"com.nttdata.stepsdefinitions.ProductStoreDef.deberíaVerUnMensajeDeErrorIndicandoFalloEnLaAutenticación()"},"keyword":"Then "}],"tags":[{"name":"@TestExam"},{"name":"@TestExamdos"}]},{"start_timestamp":"2024-12-18T23:00:02.495Z","before":[{"result":{"duration":22723396100,"status":"passed"},"match":{"location":"com.nttdata.core.DriverManager.setUp()"}},{"result":{"duration":1001100,"status":"passed"},"match":{"location":"com.nttdata.core.DriverManager.setScenario(io.cucumber.java.Scenario)"}}],"line":20,"name":"Navegación a una categoría inexistente","description":"","id":"automatización-de-pruebas-para-la-tienda-en-línea;navegación-a-una-categoría-inexistente","after":[{"result":{"error_message":"org.openqa.selenium.WebDriverException: Timed out waiting for driver server to stop.\nBuild info: version: '4.5.0', revision: 'fe167b119a'\nSystem info: os.name: 'Windows 10', os.arch: 'amd64', os.version: '10.0', java.version: '17.0.13'\nDriver info: org.openqa.selenium.chrome.ChromeDriver\nCommand: [69e901c1e9db234caea11526a508f826, quit {}]\nCapabilities {acceptInsecureCerts: false, browserName: chrome, browserVersion: 131.0.6778.140, chrome: {chromedriverVersion: 131.0.6778.108 (3b014839fbc..., userDataDir: C:\\Users\\Miguel\\AppData\\Loc...}, fedcm:accounts: true, goog:chromeOptions: {debuggerAddress: localhost:61831}, networkConnectionEnabled: false, pageLoadStrategy: normal, platformName: WINDOWS, proxy: Proxy(), se:cdp: ws://localhost:61831/devtoo..., se:cdpVersion: 131.0.6778.140, setWindowRect: true, strictFileInteractability: false, timeouts: {implicit: 0, pageLoad: 300000, script: 30000}, unhandledPromptBehavior: dismiss and notify, webauthn:extension:credBlob: true, webauthn:extension:largeBlob: true, webauthn:extension:minPinLength: true, webauthn:extension:prf: true, webauthn:virtualAuthenticators: true}\nSession ID: 69e901c1e9db234caea11526a508f826\r\n\tat org.openqa.selenium.remote.service.DriverCommandExecutor.execute(DriverCommandExecutor.java:132)\r\n\tat org.openqa.selenium.remote.RemoteWebDriver.execute(RemoteWebDriver.java:543)\r\n\tat org.openqa.selenium.remote.RemoteWebDriver.execute(RemoteWebDriver.java:598)\r\n\tat org.openqa.selenium.remote.RemoteWebDriver.execute(RemoteWebDriver.java:602)\r\n\tat org.openqa.selenium.remote.RemoteWebDriver.quit(RemoteWebDriver.java:445)\r\n\tat org.openqa.selenium.chromium.ChromiumDriver.quit(ChromiumDriver.java:279)\r\n\tat com.nttdata.core.DriverManager.quitDriver(DriverManager.java:35)\r\nCaused by: java.util.concurrent.ExecutionException: java.io.UncheckedIOException: java.net.ConnectException\r\n\tat java.base/java.util.concurrent.CompletableFuture.reportGet(CompletableFuture.java:396)\r\n\tat java.base/java.util.concurrent.CompletableFuture.get(CompletableFuture.java:2096)\r\n\tat org.openqa.selenium.remote.service.DriverCommandExecutor.execute(DriverCommandExecutor.java:128)\r\n\tat org.openqa.selenium.remote.RemoteWebDriver.execute(RemoteWebDriver.java:543)\r\n\tat org.openqa.selenium.remote.RemoteWebDriver.execute(RemoteWebDriver.java:598)\r\n\tat org.openqa.selenium.remote.RemoteWebDriver.execute(RemoteWebDriver.java:602)\r\n\tat org.openqa.selenium.remote.RemoteWebDriver.quit(RemoteWebDriver.java:445)\r\n\tat org.openqa.selenium.chromium.ChromiumDriver.quit(ChromiumDriver.java:279)\r\n\tat com.nttdata.core.DriverManager.quitDriver(DriverManager.java:35)\r\n\tat java.base/jdk.internal.reflect.NativeMethodAccessorImpl.invoke0(Native Method)\r\n\tat java.base/jdk.internal.reflect.NativeMethodAccessorImpl.invoke(NativeMethodAccessorImpl.java:77)\r\n\tat java.base/jdk.internal.reflect.DelegatingMethodAccessorImpl.invoke(DelegatingMethodAccessorImpl.java:43)\r\n\tat java.base/java.lang.reflect.Method.invoke(Method.java:569)\r\n\tat io.cucumber.java.Invoker.doInvoke(Invoker.java:66)\r\n\tat io.cucumber.java.Invoker.invoke(Invoker.java:24)\r\n\tat io.cucumber.java.AbstractGlueDefinition.invokeMethod(AbstractGlueDefinition.java:47)\r\n\tat io.cucumber.java.JavaHookDefinition.execute(JavaHookDefinition.java:64)\r\n\tat io.cucumber.core.runner.CoreHookDefinition.execute(CoreHookDefinition.java:46)\r\n\tat io.cucumber.core.runner.HookDefinitionMatch.runStep(HookDefinitionMatch.java:21)\r\n\tat io.cucumber.core.runner.ExecutionMode$1.execute(ExecutionMode.java:10)\r\n\tat io.cucumber.core.runner.TestStep.executeStep(TestStep.java:85)\r\n\tat io.cucumber.core.runner.TestStep.run(TestStep.java:57)\r\n\tat io.cucumber.core.runner.TestCase.run(TestCase.java:90)\r\n\tat io.cucumber.core.runner.Runner.runPickle(Runner.java:75)\r\n\tat io.cucumber.junit.PickleRunners$WithStepDescriptions.lambda$run$1(PickleRunners.java:109)\r\n\tat io.cucumber.core.runtime.CucumberExecutionContext.lambda$runTestCase$5(CucumberExecutionContext.java:129)\r\n\tat io.cucumber.core.runtime.RethrowingThrowableCollector.executeAndThrow(RethrowingThrowableCollector.java:23)\r\n\tat io.cucumber.core.runtime.CucumberExecutionContext.runTestCase(CucumberExecutionContext.java:129)\r\n\tat io.cucumber.junit.PickleRunners$WithStepDescriptions.run(PickleRunners.java:106)\r\n\tat io.cucumber.junit.FeatureRunner.runChild(FeatureRunner.java:144)\r\n\tat io.cucumber.junit.FeatureRunner.runChild(FeatureRunner.java:28)\r\n\tat org.junit.runners.ParentRunner$4.run(ParentRunner.java:331)\r\n\tat org.junit.runners.ParentRunner$1.schedule(ParentRunner.java:79)\r\n\tat org.junit.runners.ParentRunner.runChildren(ParentRunner.java:329)\r\n\tat org.junit.runners.ParentRunner.access$100(ParentRunner.java:66)\r\n\tat org.junit.runners.ParentRunner$2.evaluate(ParentRunner.java:293)\r\n\tat org.junit.runners.ParentRunner$3.evaluate(ParentRunner.java:306)\r\n\tat org.junit.runners.ParentRunner.run(ParentRunner.java:413)\r\n\tat io.cucumber.junit.FeatureRunner.run(FeatureRunner.java:137)\r\n\tat io.cucumber.junit.Cucumber.runChild(Cucumber.java:196)\r\n\tat io.cucumber.junit.Cucumber.runChild(Cucumber.java:89)\r\n\tat org.junit.runners.ParentRunner$4.run(ParentRunner.java:331)\r\n\tat org.junit.runners.ParentRunner$1.schedule(ParentRunner.java:79)\r\n\tat org.junit.runners.ParentRunner.runChildren(ParentRunner.java:329)\r\n\tat org.junit.runners.ParentRunner.access$100(ParentRunner.java:66)\r\n\tat org.junit.runners.ParentRunner$2.evaluate(ParentRunner.java:293)\r\n\tat io.cucumber.junit.Cucumber$RunBeforeAllHooks.evaluate(Cucumber.java:266)\r\n\tat io.cucumber.junit.Cucumber$RunAfterAllHooks.evaluate(Cucumber.java:281)\r\n\tat io.cucumber.junit.Cucumber$StartTestRun.evaluate(Cucumber.java:233)\r\n\tat io.cucumber.junit.Cucumber$FinishTestRun.evaluate(Cucumber.java:248)\r\n\tat org.junit.runners.ParentRunner$3.evaluate(ParentRunner.java:306)\r\n\tat org.junit.runners.ParentRunner.run(ParentRunner.java:413)\r\n\tat org.junit.runner.JUnitCore.run(JUnitCore.java:137)\r\n\tat com.intellij.junit4.JUnit4IdeaTestRunner.startRunnerWithArgs(JUnit4IdeaTestRunner.java:69)\r\n\tat com.intellij.rt.junit.IdeaTestRunner$Repeater$1.execute(IdeaTestRunner.java:38)\r\n\tat com.intellij.rt.execution.junit.TestsRepeater.repeat(TestsRepeater.java:11)\r\n\tat com.intellij.rt.junit.IdeaTestRunner$Repeater.startRunnerWithArgs(IdeaTestRunner.java:35)\r\n\tat com.intellij.rt.junit.JUnitStarter.prepareStreamsAndStart(JUnitStarter.java:232)\r\n\tat com.intellij.rt.junit.JUnitStarter.main(JUnitStarter.java:55)\r\nCaused by: java.io.UncheckedIOException: java.net.ConnectException\r\n\tat org.openqa.selenium.remote.http.jdk.JdkHttpClient.execute(JdkHttpClient.java:240)\r\n\tat org.openqa.selenium.remote.HttpCommandExecutor.execute(HttpCommandExecutor.java:181)\r\n\tat org.openqa.selenium.remote.service.DriverCommandExecutor.invokeExecute(DriverCommandExecutor.java:167)\r\n\tat org.openqa.selenium.remote.service.DriverCommandExecutor.lambda$execute$1(DriverCommandExecutor.java:105)\r\n\tat java.base/java.util.concurrent.CompletableFuture$AsyncSupply.run$$$capture(CompletableFuture.java:1768)\r\n\tat java.base/java.util.concurrent.CompletableFuture$AsyncSupply.run(CompletableFuture.java)\r\n\tat --- Async.Stack.Trace --- (captured by IntelliJ IDEA debugger)\r\n\tat java.base/java.util.concurrent.CompletableFuture$AsyncSupply.<init>(CompletableFuture.java:1754)\r\n\tat java.base/java.util.concurrent.CompletableFuture.asyncSupplyStage(CompletableFuture.java:1782)\r\n\tat java.base/java.util.concurrent.CompletableFuture.supplyAsync(CompletableFuture.java:2005)\r\n\tat org.openqa.selenium.remote.service.DriverCommandExecutor.execute(DriverCommandExecutor.java:103)\r\n\t... 56 more\r\nCaused by: java.net.ConnectException\r\n\tat java.net.http/jdk.internal.net.http.HttpClientImpl.send(HttpClientImpl.java:574)\r\n\tat java.net.http/jdk.internal.net.http.HttpClientFacade.send(HttpClientFacade.java:123)\r\n\tat org.openqa.selenium.remote.http.jdk.JdkHttpClient.execute(JdkHttpClient.java:236)\r\n\t... 66 more\r\nCaused by: java.net.ConnectException\r\n\tat java.net.http/jdk.internal.net.http.common.Utils.toConnectException(Utils.java:1083)\r\n\tat java.net.http/jdk.internal.net.http.PlainHttpConnection.connectAsync(PlainHttpConnection.java:198)\r\n\tat java.net.http/jdk.internal.net.http.PlainHttpConnection.checkRetryConnect(PlainHttpConnection.java:230)\r\n\tat java.net.http/jdk.internal.net.http.PlainHttpConnection.lambda$connectAsync$1(PlainHttpConnection.java:206)\r\n\tat java.base/java.util.concurrent.CompletableFuture.uniHandle(CompletableFuture.java:934)\r\n\tat java.base/java.util.concurrent.CompletableFuture$UniHandle.tryFire(CompletableFuture.java:911)\r\n\tat java.base/java.util.concurrent.CompletableFuture.postComplete(CompletableFuture.java:510)\r\n\tat java.base/java.util.concurrent.CompletableFuture$AsyncSupply.run$$$capture(CompletableFuture.java:1773)\r\n\tat java.base/java.util.concurrent.CompletableFuture$AsyncSupply.run(CompletableFuture.java)\r\n\tat --- Async.Stack.Trace --- (captured by IntelliJ IDEA debugger)\r\n\tat java.base/java.util.concurrent.CompletableFuture$AsyncSupply.<init>(CompletableFuture.java:1754)\r\n\tat java.base/java.util.concurrent.CompletableFuture.completeAsync(CompletableFuture.java:2673)\r\n\tat java.net.http/jdk.internal.net.http.PlainHttpConnection$ConnectEvent.handle(PlainHttpConnection.java:148)\r\n\tat java.net.http/jdk.internal.net.http.HttpClientImpl$SelectorManager.handleEvent(HttpClientImpl.java:984)\r\n\tat java.net.http/jdk.internal.net.http.HttpClientImpl$SelectorManager.lambda$run$3(HttpClientImpl.java:939)\r\n\tat java.base/java.util.ArrayList.forEach(ArrayList.java:1511)\r\n\tat java.net.http/jdk.internal.net.http.HttpClientImpl$SelectorManager.run(HttpClientImpl.java:939)\r\nCaused by: java.nio.channels.ClosedChannelException\r\n\tat java.base/sun.nio.ch.SocketChannelImpl.ensureOpen(SocketChannelImpl.java:195)\r\n\tat java.base/sun.nio.ch.SocketChannelImpl.beginConnect(SocketChannelImpl.java:760)\r\n\tat java.base/sun.nio.ch.SocketChannelImpl.connect(SocketChannelImpl.java:848)\r\n\tat java.net.http/jdk.internal.net.http.PlainHttpConnection.lambda$connectAsync$0(PlainHttpConnection.java:183)\r\n\tat java.base/java.security.AccessController.doPrivileged(AccessController.java:569)\r\n\tat java.net.http/jdk.internal.net.http.PlainHttpConnection.connectAsync(PlainHttpConnection.java:185)\r\n\t... 15 more\r\n","duration":961040900,"status":"failed"},"match":{"location":"com.nttdata.core.DriverManager.quitDriver()"}}],"type":"scenario","keyword":"Scenario","steps":[{"result":{"duration":13782739800,"status":"passed"},"line":21,"name":"que estoy en la página de inicio de sesiónTres","match":{"location":"com.nttdata.stepsdefinitions.ProductStoreDef.queEstoyEnLaPáginaDeInicioDeSesiónTres()"},"keyword":"Given "},{"result":{"error_message":"java.lang.RuntimeException: Error al intentar iniciar sesión: Error durante el proceso de login: Error communicating with the remote browser. It may have died.\nBuild info: version: '4.5.0', revision: 'fe167b119a'\nSystem info: os.name: 'Windows 10', os.arch: 'amd64', os.version: '10.0', java.version: '17.0.13'\nDriver info: org.openqa.selenium.chrome.ChromeDriver\nCommand: [69e901c1e9db234caea11526a508f826, findElement {using=css selector, value=.alert.alert-danger}]\nCapabilities {acceptInsecureCerts: false, browserName: chrome, browserVersion: 131.0.6778.140, chrome: {chromedriverVersion: 131.0.6778.108 (3b014839fbc..., userDataDir: C:\\Users\\Miguel\\AppData\\Loc...}, fedcm:accounts: true, goog:chromeOptions: {debuggerAddress: localhost:61831}, networkConnectionEnabled: false, pageLoadStrategy: normal, platformName: WINDOWS, proxy: Proxy(), se:cdp: ws://localhost:61831/devtoo..., se:cdpVersion: 131.0.6778.140, setWindowRect: true, strictFileInteractability: false, timeouts: {implicit: 0, pageLoad: 300000, script: 30000}, unhandledPromptBehavior: dismiss and notify, webauthn:extension:credBlob: true, webauthn:extension:largeBlob: true, webauthn:extension:minPinLength: true, webauthn:extension:prf: true, webauthn:virtualAuthenticators: true}\nSession ID: 69e901c1e9db234caea11526a508f826\r\n\tat com.nttdata.stepsdefinitions.ProductStoreDef.ingresoElUsuarioYLaContraseñaTres(ProductStoreDef.java:85)\r\n\tat ✽.ingreso el usuario \"jesusmqp@gmail.com\" y la contraseñaTres \"12345678910Ab.cd\"(file:///C:/Users/Miguel/Desktop/QALabAutomation/QAInnovationLab/src/test/resources/features/ProductStore.feature:22)\r\n","duration":39911873700,"status":"failed"},"line":22,"name":"ingreso el usuario \"jesusmqp@gmail.com\" y la contraseñaTres \"12345678910Ab.cd\"","match":{"arguments":[{"val":"\"jesusmqp@gmail.com\"","offset":19},{"val":"\"12345678910Ab.cd\"","offset":60}],"location":"com.nttdata.stepsdefinitions.ProductStoreDef.ingresoElUsuarioYLaContraseñaTres(java.lang.String,java.lang.String)"},"keyword":"When "},{"result":{"duration":509473800,"status":"skipped"},"line":23,"name":"navego a la categoría \"Autos\"","match":{"arguments":[{"val":"\"Autos\"","offset":22}],"location":"com.nttdata.stepsdefinitions.ProductStoreDef.navegoALaCategoría(java.lang.String)"},"keyword":"And "},{"result":{"duration":521047800,"status":"skipped"},"line":24,"name":"debería ver un mensaje indicando que la categoría no existe","match":{"location":"com.nttdata.stepsdefinitions.ProductStoreDef.deberíaVerUnMensajeIndicandoQueLaCategoríaNoExiste()"},"keyword":"Then "}],"tags":[{"name":"@TestExam"},{"name":"@TestExamtres"}]}],"name":"Automatización de pruebas para la tienda en línea","description":"  Para garantizar la estabilidad de la tienda en línea\n  Como automatizador principal\n  Necesito validar diferentes escenarios en la tienda","id":"automatización-de-pruebas-para-la-tienda-en-línea","keyword":"Feature","uri":"file:src/test/resources/features/ProductStore.feature","tags":[{"name":"@TestExam","type":"Tag","location":{"line":1,"column":1}}]}]